Analysis & Synthesis report for projetoVersaoNova
Mon Apr 25 10:25:34 2022
Quartus II Version 9.1 Build 350 03/24/2010 Service Pack 2 SJ Web Edition


---------------------
; Table of Contents ;
---------------------
  1. Legal Notice
  2. Analysis & Synthesis Summary
  3. Analysis & Synthesis Settings
  4. Parallel Compilation
  5. Analysis & Synthesis Source Files Read
  6. Analysis & Synthesis Resource Usage Summary
  7. Analysis & Synthesis Resource Utilization by Entity
  8. State Machine - |cronometro|fsm:comb_3|estadoAtual
  9. User-Specified and Inferred Latches
 10. Registers Removed During Synthesis
 11. General Register Statistics
 12. Multiplexer Restructuring Statistics (Restructuring Performed)
 13. Parameter Settings for User Entity Instance: fsm:comb_3
 14. Parameter Settings for User Entity Instance: contador:comb_4
 15. Parameter Settings for Inferred Entity Instance: conversor:comb_5|lpm_divide:Mod0
 16. Parameter Settings for Inferred Entity Instance: conversor:comb_5|lpm_divide:Div0
 17. Parameter Settings for Inferred Entity Instance: conversor:comb_5|lpm_divide:Mod1
 18. Parameter Settings for Inferred Entity Instance: conversor:comb_5|lpm_divide:Div1
 19. Parameter Settings for Inferred Entity Instance: conversor:comb_5|lpm_divide:Mod2
 20. Parameter Settings for Inferred Entity Instance: conversor:comb_5|lpm_divide:Div2
 21. Parameter Settings for Inferred Entity Instance: conversor:comb_5|lpm_divide:Mod3
 22. Port Connectivity Checks: "decodificador:comb_9"
 23. Port Connectivity Checks: "decodificador:comb_8"
 24. Port Connectivity Checks: "decodificador:comb_7"
 25. Port Connectivity Checks: "decodificador:comb_6"
 26. Port Connectivity Checks: "conversor:comb_5"
 27. Analysis & Synthesis Messages



----------------
; Legal Notice ;
----------------
Copyright (C) 1991-2010 Altera Corporation
Your use of Altera Corporation's design tools, logic functions 
and other software and tools, and its AMPP partner logic 
functions, and any output files from any of the foregoing 
(including device programming or simulation files), and any 
associated documentation or information are expressly subject 
to the terms and conditions of the Altera Program License 
Subscription Agreement, Altera MegaCore Function License 
Agreement, or other applicable license agreement, including, 
without limitation, that your use is for the sole purpose of 
programming logic devices manufactured by Altera and sold by 
Altera or its authorized distributors.  Please refer to the 
applicable agreement for further details.



+-----------------------------------------------------------------------------------+
; Analysis & Synthesis Summary                                                      ;
+------------------------------------+----------------------------------------------+
; Analysis & Synthesis Status        ; Successful - Mon Apr 25 10:25:34 2022        ;
; Quartus II Version                 ; 9.1 Build 350 03/24/2010 SP 2 SJ Web Edition ;
; Revision Name                      ; projetoVersaoNova                            ;
; Top-level Entity Name              ; cronometro                                   ;
; Family                             ; Cyclone IV E                                 ;
; Total logic elements               ; 895                                          ;
;     Total combinational functions  ; 895                                          ;
;     Dedicated logic registers      ; 53                                           ;
; Total registers                    ; 53                                           ;
; Total pins                         ; 37                                           ;
; Total virtual pins                 ; 0                                            ;
; Total memory bits                  ; 0                                            ;
; Embedded Multiplier 9-bit elements ; 0                                            ;
; Total PLLs                         ; 0                                            ;
+------------------------------------+----------------------------------------------+


+----------------------------------------------------------------------------------------------------------------------+
; Analysis & Synthesis Settings                                                                                        ;
+----------------------------------------------------------------------------+--------------------+--------------------+
; Option                                                                     ; Setting            ; Default Value      ;
+----------------------------------------------------------------------------+--------------------+--------------------+
; Device                                                                     ; EP4CE115F29C7      ;                    ;
; Top-level entity name                                                      ; cronometro         ; projetoVersaoNova  ;
; Family name                                                                ; Cyclone IV E       ; Stratix II         ;
; Use Generated Physical Constraints File                                    ; Off                ;                    ;
; Use smart compilation                                                      ; Off                ; Off                ;
; Enable parallel Assembler and TimeQuest Timing Analyzer during compilation ; On                 ; On                 ;
; Enable compact report table                                                ; Off                ; Off                ;
; Restructure Multiplexers                                                   ; Auto               ; Auto               ;
; Create Debugging Nodes for IP Cores                                        ; Off                ; Off                ;
; Preserve fewer node names                                                  ; On                 ; On                 ;
; Disable OpenCore Plus hardware evaluation                                  ; Off                ; Off                ;
; Verilog Version                                                            ; Verilog_2001       ; Verilog_2001       ;
; VHDL Version                                                               ; VHDL_1993          ; VHDL_1993          ;
; State Machine Processing                                                   ; Auto               ; Auto               ;
; Safe State Machine                                                         ; Off                ; Off                ;
; Extract Verilog State Machines                                             ; On                 ; On                 ;
; Extract VHDL State Machines                                                ; On                 ; On                 ;
; Ignore Verilog initial constructs                                          ; Off                ; Off                ;
; Iteration limit for constant Verilog loops                                 ; 5000               ; 5000               ;
; Iteration limit for non-constant Verilog loops                             ; 250                ; 250                ;
; Add Pass-Through Logic to Inferred RAMs                                    ; On                 ; On                 ;
; Parallel Synthesis                                                         ; On                 ; On                 ;
; DSP Block Balancing                                                        ; Auto               ; Auto               ;
; NOT Gate Push-Back                                                         ; On                 ; On                 ;
; Power-Up Don't Care                                                        ; On                 ; On                 ;
; Remove Redundant Logic Cells                                               ; Off                ; Off                ;
; Remove Duplicate Registers                                                 ; On                 ; On                 ;
; Ignore CARRY Buffers                                                       ; Off                ; Off                ;
; Ignore CASCADE Buffers                                                     ; Off                ; Off                ;
; Ignore GLOBAL Buffers                                                      ; Off                ; Off                ;
; Ignore ROW GLOBAL Buffers                                                  ; Off                ; Off                ;
; Ignore LCELL Buffers                                                       ; Off                ; Off                ;
; Ignore SOFT Buffers                                                        ; On                 ; On                 ;
; Limit AHDL Integers to 32 Bits                                             ; Off                ; Off                ;
; Optimization Technique                                                     ; Balanced           ; Balanced           ;
; Carry Chain Length                                                         ; 70                 ; 70                 ;
; Auto Carry Chains                                                          ; On                 ; On                 ;
; Auto Open-Drain Pins                                                       ; On                 ; On                 ;
; Perform WYSIWYG Primitive Resynthesis                                      ; Off                ; Off                ;
; Auto ROM Replacement                                                       ; On                 ; On                 ;
; Auto RAM Replacement                                                       ; On                 ; On                 ;
; Auto DSP Block Replacement                                                 ; On                 ; On                 ;
; Auto Shift Register Replacement                                            ; Auto               ; Auto               ;
; Auto Clock Enable Replacement                                              ; On                 ; On                 ;
; Strict RAM Replacement                                                     ; Off                ; Off                ;
; Allow Synchronous Control Signals                                          ; On                 ; On                 ;
; Force Use of Synchronous Clear Signals                                     ; Off                ; Off                ;
; Auto RAM Block Balancing                                                   ; On                 ; On                 ;
; Auto RAM to Logic Cell Conversion                                          ; Off                ; Off                ;
; Auto Resource Sharing                                                      ; Off                ; Off                ;
; Allow Any RAM Size For Recognition                                         ; Off                ; Off                ;
; Allow Any ROM Size For Recognition                                         ; Off                ; Off                ;
; Allow Any Shift Register Size For Recognition                              ; Off                ; Off                ;
; Use LogicLock Constraints during Resource Balancing                        ; On                 ; On                 ;
; Ignore translate_off and synthesis_off directives                          ; Off                ; Off                ;
; Timing-Driven Synthesis                                                    ; On                 ; On                 ;
; Show Parameter Settings Tables in Synthesis Report                         ; On                 ; On                 ;
; Ignore Maximum Fan-Out Assignments                                         ; Off                ; Off                ;
; Synchronization Register Chain Length                                      ; 2                  ; 2                  ;
; PowerPlay Power Optimization                                               ; Normal compilation ; Normal compilation ;
; HDL message level                                                          ; Level2             ; Level2             ;
; Suppress Register Optimization Related Messages                            ; Off                ; Off                ;
; Number of Removed Registers Reported in Synthesis Report                   ; 5000               ; 5000               ;
; Number of Inverted Registers Reported in Synthesis Report                  ; 100                ; 100                ;
; Clock MUX Protection                                                       ; On                 ; On                 ;
; Auto Gated Clock Conversion                                                ; Off                ; Off                ;
; Block Design Naming                                                        ; Auto               ; Auto               ;
; SDC constraint protection                                                  ; Off                ; Off                ;
; Synthesis Effort                                                           ; Auto               ; Auto               ;
; Shift Register Replacement - Allow Asynchronous Clear Signal               ; On                 ; On                 ;
; Analysis & Synthesis Message Level                                         ; Medium             ; Medium             ;
; Disable Register Merging Across Hierarchies                                ; Auto               ; Auto               ;
; Resource Aware Inference For Block RAM                                     ; On                 ; On                 ;
+----------------------------------------------------------------------------+--------------------+--------------------+


Parallel compilation was disabled, but you have multiple processors available. Enable parallel compilation to reduce compilation time.
+-------------------------------------+
; Parallel Compilation                ;
+----------------------------+--------+
; Processors                 ; Number ;
+----------------------------+--------+
; Number detected on machine ; 4      ;
; Maximum allowed            ; 1      ;
+----------------------------+--------+


+------------------------------------------------------------------------------------------------------------------------------------------------+
; Analysis & Synthesis Source Files Read                                                                                                         ;
+----------------------------------+-----------------+------------------------------+------------------------------------------------------------+
; File Name with User-Entered Path ; Used in Netlist ; File Type                    ; File Name with Absolute Path                               ;
+----------------------------------+-----------------+------------------------------+------------------------------------------------------------+
; conversor.v                      ; yes             ; User Verilog HDL File        ; D:/Documents/EC/2°/SD/Projeto 2/conversor.v                ;
; decodificador.v                  ; yes             ; User Verilog HDL File        ; D:/Documents/EC/2°/SD/Projeto 2/decodificador.v            ;
; fsm.v                            ; yes             ; User Verilog HDL File        ; D:/Documents/EC/2°/SD/Projeto 2/fsm.v                      ;
; contador.v                       ; yes             ; User Verilog HDL File        ; D:/Documents/EC/2°/SD/Projeto 2/contador.v                 ;
; cronometro.v                     ; yes             ; User Verilog HDL File        ; D:/Documents/EC/2°/SD/Projeto 2/cronometro.v               ;
; lpm_divide.tdf                   ; yes             ; Megafunction                 ; d:/quartus/quartus/libraries/megafunctions/lpm_divide.tdf  ;
; db/lpm_divide_3bm.tdf            ; yes             ; Auto-Generated Megafunction  ; D:/Documents/EC/2°/SD/Projeto 2/db/lpm_divide_3bm.tdf      ;
; db/sign_div_unsign_olh.tdf       ; yes             ; Auto-Generated Megafunction  ; D:/Documents/EC/2°/SD/Projeto 2/db/sign_div_unsign_olh.tdf ;
; db/alt_u_div_47f.tdf             ; yes             ; Auto-Generated Megafunction  ; D:/Documents/EC/2°/SD/Projeto 2/db/alt_u_div_47f.tdf       ;
; db/add_sub_7pc.tdf               ; yes             ; Auto-Generated Megafunction  ; D:/Documents/EC/2°/SD/Projeto 2/db/add_sub_7pc.tdf         ;
; db/add_sub_8pc.tdf               ; yes             ; Auto-Generated Megafunction  ; D:/Documents/EC/2°/SD/Projeto 2/db/add_sub_8pc.tdf         ;
; db/lpm_divide_0jm.tdf            ; yes             ; Auto-Generated Megafunction  ; D:/Documents/EC/2°/SD/Projeto 2/db/lpm_divide_0jm.tdf      ;
; db/lpm_divide_3jm.tdf            ; yes             ; Auto-Generated Megafunction  ; D:/Documents/EC/2°/SD/Projeto 2/db/lpm_divide_3jm.tdf      ;
; db/sign_div_unsign_rlh.tdf       ; yes             ; Auto-Generated Megafunction  ; D:/Documents/EC/2°/SD/Projeto 2/db/sign_div_unsign_rlh.tdf ;
; db/alt_u_div_a7f.tdf             ; yes             ; Auto-Generated Megafunction  ; D:/Documents/EC/2°/SD/Projeto 2/db/alt_u_div_a7f.tdf       ;
; db/lpm_divide_dkm.tdf            ; yes             ; Auto-Generated Megafunction  ; D:/Documents/EC/2°/SD/Projeto 2/db/lpm_divide_dkm.tdf      ;
; db/sign_div_unsign_5nh.tdf       ; yes             ; Auto-Generated Megafunction  ; D:/Documents/EC/2°/SD/Projeto 2/db/sign_div_unsign_5nh.tdf ;
; db/alt_u_div_u9f.tdf             ; yes             ; Auto-Generated Megafunction  ; D:/Documents/EC/2°/SD/Projeto 2/db/alt_u_div_u9f.tdf       ;
+----------------------------------+-----------------+------------------------------+------------------------------------------------------------+


+---------------------------------------------------------+
; Analysis & Synthesis Resource Usage Summary             ;
+---------------------------------------------+-----------+
; Resource                                    ; Usage     ;
+---------------------------------------------+-----------+
; Estimated Total logic elements              ; 895       ;
;                                             ;           ;
; Total combinational functions               ; 895       ;
; Logic element usage by number of LUT inputs ;           ;
;     -- 4 input functions                    ; 171       ;
;     -- 3 input functions                    ; 257       ;
;     -- <=2 input functions                  ; 467       ;
;                                             ;           ;
; Logic elements by mode                      ;           ;
;     -- normal mode                          ; 619       ;
;     -- arithmetic mode                      ; 276       ;
;                                             ;           ;
; Total registers                             ; 53        ;
;     -- Dedicated logic registers            ; 53        ;
;     -- I/O registers                        ; 0         ;
;                                             ;           ;
; I/O pins                                    ; 37        ;
; Maximum fan-out node                        ; clk~input ;
; Maximum fan-out                             ; 53        ;
; Total fan-out                               ; 2506      ;
; Average fan-out                             ; 2.45      ;
+---------------------------------------------+-----------+


+-----------------------------------------------------------------------------------------------------------------------------------------------------------------------------------------------------------------------------------------------------------------------------------------------------+
; Analysis & Synthesis Resource Utilization by Entity                                                                                                                                                                                                                                                 ;
+-------------------------------------------+-------------------+--------------+-------------+--------------+---------+-----------+------+--------------+------------------------------------------------------------------------------------------------------------------------------+--------------+
; Compilation Hierarchy Node                ; LC Combinationals ; LC Registers ; Memory Bits ; DSP Elements ; DSP 9x9 ; DSP 18x18 ; Pins ; Virtual Pins ; Full Hierarchy Name                                                                                                          ; Library Name ;
+-------------------------------------------+-------------------+--------------+-------------+--------------+---------+-----------+------+--------------+------------------------------------------------------------------------------------------------------------------------------+--------------+
; |cronometro                               ; 895 (0)           ; 53 (0)       ; 0           ; 0            ; 0       ; 0         ; 37   ; 0            ; |cronometro                                                                                                                  ; work         ;
;    |contador:comb_4|                      ; 94 (94)           ; 45 (45)      ; 0           ; 0            ; 0       ; 0         ; 0    ; 0            ; |cronometro|contador:comb_4                                                                                                  ;              ;
;    |conversor:comb_5|                     ; 756 (16)          ; 0 (0)        ; 0           ; 0            ; 0       ; 0         ; 0    ; 0            ; |cronometro|conversor:comb_5                                                                                                 ;              ;
;       |lpm_divide:Div0|                   ; 134 (0)           ; 0 (0)        ; 0           ; 0            ; 0       ; 0         ; 0    ; 0            ; |cronometro|conversor:comb_5|lpm_divide:Div0                                                                                 ;              ;
;          |lpm_divide_0jm:auto_generated|  ; 134 (0)           ; 0 (0)        ; 0           ; 0            ; 0       ; 0         ; 0    ; 0            ; |cronometro|conversor:comb_5|lpm_divide:Div0|lpm_divide_0jm:auto_generated                                                   ;              ;
;             |sign_div_unsign_olh:divider| ; 134 (0)           ; 0 (0)        ; 0           ; 0            ; 0       ; 0         ; 0    ; 0            ; |cronometro|conversor:comb_5|lpm_divide:Div0|lpm_divide_0jm:auto_generated|sign_div_unsign_olh:divider                       ;              ;
;                |alt_u_div_47f:divider|    ; 134 (134)         ; 0 (0)        ; 0           ; 0            ; 0       ; 0         ; 0    ; 0            ; |cronometro|conversor:comb_5|lpm_divide:Div0|lpm_divide_0jm:auto_generated|sign_div_unsign_olh:divider|alt_u_div_47f:divider ;              ;
;       |lpm_divide:Div1|                   ; 157 (0)           ; 0 (0)        ; 0           ; 0            ; 0       ; 0         ; 0    ; 0            ; |cronometro|conversor:comb_5|lpm_divide:Div1                                                                                 ;              ;
;          |lpm_divide_3jm:auto_generated|  ; 157 (0)           ; 0 (0)        ; 0           ; 0            ; 0       ; 0         ; 0    ; 0            ; |cronometro|conversor:comb_5|lpm_divide:Div1|lpm_divide_3jm:auto_generated                                                   ;              ;
;             |sign_div_unsign_rlh:divider| ; 157 (0)           ; 0 (0)        ; 0           ; 0            ; 0       ; 0         ; 0    ; 0            ; |cronometro|conversor:comb_5|lpm_divide:Div1|lpm_divide_3jm:auto_generated|sign_div_unsign_rlh:divider                       ;              ;
;                |alt_u_div_a7f:divider|    ; 157 (157)         ; 0 (0)        ; 0           ; 0            ; 0       ; 0         ; 0    ; 0            ; |cronometro|conversor:comb_5|lpm_divide:Div1|lpm_divide_3jm:auto_generated|sign_div_unsign_rlh:divider|alt_u_div_a7f:divider ;              ;
;       |lpm_divide:Div2|                   ; 123 (0)           ; 0 (0)        ; 0           ; 0            ; 0       ; 0         ; 0    ; 0            ; |cronometro|conversor:comb_5|lpm_divide:Div2                                                                                 ;              ;
;          |lpm_divide_dkm:auto_generated|  ; 123 (0)           ; 0 (0)        ; 0           ; 0            ; 0       ; 0         ; 0    ; 0            ; |cronometro|conversor:comb_5|lpm_divide:Div2|lpm_divide_dkm:auto_generated                                                   ;              ;
;             |sign_div_unsign_5nh:divider| ; 123 (0)           ; 0 (0)        ; 0           ; 0            ; 0       ; 0         ; 0    ; 0            ; |cronometro|conversor:comb_5|lpm_divide:Div2|lpm_divide_dkm:auto_generated|sign_div_unsign_5nh:divider                       ;              ;
;                |alt_u_div_u9f:divider|    ; 123 (123)         ; 0 (0)        ; 0           ; 0            ; 0       ; 0         ; 0    ; 0            ; |cronometro|conversor:comb_5|lpm_divide:Div2|lpm_divide_dkm:auto_generated|sign_div_unsign_5nh:divider|alt_u_div_u9f:divider ;              ;
;       |lpm_divide:Mod0|                   ; 137 (0)           ; 0 (0)        ; 0           ; 0            ; 0       ; 0         ; 0    ; 0            ; |cronometro|conversor:comb_5|lpm_divide:Mod0                                                                                 ;              ;
;          |lpm_divide_3bm:auto_generated|  ; 137 (0)           ; 0 (0)        ; 0           ; 0            ; 0       ; 0         ; 0    ; 0            ; |cronometro|conversor:comb_5|lpm_divide:Mod0|lpm_divide_3bm:auto_generated                                                   ;              ;
;             |sign_div_unsign_olh:divider| ; 137 (0)           ; 0 (0)        ; 0           ; 0            ; 0       ; 0         ; 0    ; 0            ; |cronometro|conversor:comb_5|lpm_divide:Mod0|lpm_divide_3bm:auto_generated|sign_div_unsign_olh:divider                       ;              ;
;                |alt_u_div_47f:divider|    ; 137 (137)         ; 0 (0)        ; 0           ; 0            ; 0       ; 0         ; 0    ; 0            ; |cronometro|conversor:comb_5|lpm_divide:Mod0|lpm_divide_3bm:auto_generated|sign_div_unsign_olh:divider|alt_u_div_47f:divider ;              ;
;       |lpm_divide:Mod1|                   ; 99 (0)            ; 0 (0)        ; 0           ; 0            ; 0       ; 0         ; 0    ; 0            ; |cronometro|conversor:comb_5|lpm_divide:Mod1                                                                                 ;              ;
;          |lpm_divide_3bm:auto_generated|  ; 99 (0)            ; 0 (0)        ; 0           ; 0            ; 0       ; 0         ; 0    ; 0            ; |cronometro|conversor:comb_5|lpm_divide:Mod1|lpm_divide_3bm:auto_generated                                                   ;              ;
;             |sign_div_unsign_olh:divider| ; 99 (0)            ; 0 (0)        ; 0           ; 0            ; 0       ; 0         ; 0    ; 0            ; |cronometro|conversor:comb_5|lpm_divide:Mod1|lpm_divide_3bm:auto_generated|sign_div_unsign_olh:divider                       ;              ;
;                |alt_u_div_47f:divider|    ; 99 (99)           ; 0 (0)        ; 0           ; 0            ; 0       ; 0         ; 0    ; 0            ; |cronometro|conversor:comb_5|lpm_divide:Mod1|lpm_divide_3bm:auto_generated|sign_div_unsign_olh:divider|alt_u_div_47f:divider ;              ;
;       |lpm_divide:Mod2|                   ; 66 (0)            ; 0 (0)        ; 0           ; 0            ; 0       ; 0         ; 0    ; 0            ; |cronometro|conversor:comb_5|lpm_divide:Mod2                                                                                 ;              ;
;          |lpm_divide_3bm:auto_generated|  ; 66 (0)            ; 0 (0)        ; 0           ; 0            ; 0       ; 0         ; 0    ; 0            ; |cronometro|conversor:comb_5|lpm_divide:Mod2|lpm_divide_3bm:auto_generated                                                   ;              ;
;             |sign_div_unsign_olh:divider| ; 66 (0)            ; 0 (0)        ; 0           ; 0            ; 0       ; 0         ; 0    ; 0            ; |cronometro|conversor:comb_5|lpm_divide:Mod2|lpm_divide_3bm:auto_generated|sign_div_unsign_olh:divider                       ;              ;
;                |alt_u_div_47f:divider|    ; 66 (66)           ; 0 (0)        ; 0           ; 0            ; 0       ; 0         ; 0    ; 0            ; |cronometro|conversor:comb_5|lpm_divide:Mod2|lpm_divide_3bm:auto_generated|sign_div_unsign_olh:divider|alt_u_div_47f:divider ;              ;
;       |lpm_divide:Mod3|                   ; 24 (0)            ; 0 (0)        ; 0           ; 0            ; 0       ; 0         ; 0    ; 0            ; |cronometro|conversor:comb_5|lpm_divide:Mod3                                                                                 ;              ;
;          |lpm_divide_3bm:auto_generated|  ; 24 (0)            ; 0 (0)        ; 0           ; 0            ; 0       ; 0         ; 0    ; 0            ; |cronometro|conversor:comb_5|lpm_divide:Mod3|lpm_divide_3bm:auto_generated                                                   ;              ;
;             |sign_div_unsign_olh:divider| ; 24 (0)            ; 0 (0)        ; 0           ; 0            ; 0       ; 0         ; 0    ; 0            ; |cronometro|conversor:comb_5|lpm_divide:Mod3|lpm_divide_3bm:auto_generated|sign_div_unsign_olh:divider                       ;              ;
;                |alt_u_div_47f:divider|    ; 24 (24)           ; 0 (0)        ; 0           ; 0            ; 0       ; 0         ; 0    ; 0            ; |cronometro|conversor:comb_5|lpm_divide:Mod3|lpm_divide_3bm:auto_generated|sign_div_unsign_olh:divider|alt_u_div_47f:divider ;              ;
;    |decodificador:comb_6|                 ; 7 (7)             ; 0 (0)        ; 0           ; 0            ; 0       ; 0         ; 0    ; 0            ; |cronometro|decodificador:comb_6                                                                                             ;              ;
;    |decodificador:comb_7|                 ; 7 (7)             ; 0 (0)        ; 0           ; 0            ; 0       ; 0         ; 0    ; 0            ; |cronometro|decodificador:comb_7                                                                                             ;              ;
;    |decodificador:comb_8|                 ; 7 (7)             ; 0 (0)        ; 0           ; 0            ; 0       ; 0         ; 0    ; 0            ; |cronometro|decodificador:comb_8                                                                                             ;              ;
;    |decodificador:comb_9|                 ; 7 (7)             ; 0 (0)        ; 0           ; 0            ; 0       ; 0         ; 0    ; 0            ; |cronometro|decodificador:comb_9                                                                                             ;              ;
;    |fsm:comb_3|                           ; 17 (17)           ; 8 (8)        ; 0           ; 0            ; 0       ; 0         ; 0    ; 0            ; |cronometro|fsm:comb_3                                                                                                       ;              ;
+-------------------------------------------+-------------------+--------------+-------------+--------------+---------+-----------+------+--------------+------------------------------------------------------------------------------------------------------------------------------+--------------+
Note: For table entries with two numbers listed, the numbers in parentheses indicate the number of resources of the given type used by the specific entity alone. The numbers listed outside of parentheses indicate the total resources of the given type used by the specific entity and all of its sub-entities in the hierarchy.


Encoding Type:  One-Hot
+------------------------------------------------------------------------------------------------------------+
; State Machine - |cronometro|fsm:comb_3|estadoAtual                                                         ;
+----------------------+--------------------+---------------------+----------------------+-------------------+
; Name                 ; estadoAtual.parado ; estadoAtual.pausado ; estadoAtual.contando ; estadoAtual.reset ;
+----------------------+--------------------+---------------------+----------------------+-------------------+
; estadoAtual.reset    ; 0                  ; 0                   ; 0                    ; 0                 ;
; estadoAtual.contando ; 0                  ; 0                   ; 1                    ; 1                 ;
; estadoAtual.pausado  ; 0                  ; 1                   ; 0                    ; 1                 ;
; estadoAtual.parado   ; 1                  ; 0                   ; 0                    ; 1                 ;
+----------------------+--------------------+---------------------+----------------------+-------------------+


+---------------------------------------------------------------------------------------------------------------+
; User-Specified and Inferred Latches                                                                           ;
+-----------------------------------------------------+--------------------------------+------------------------+
; Latch Name                                          ; Latch Enable Signal            ; Free of Timing Hazards ;
+-----------------------------------------------------+--------------------------------+------------------------+
; conversor:comb_5|num0[0]                            ; fsm:comb_3|estadoAtual.pausado ; yes                    ;
; conversor:comb_5|num0[1]                            ; fsm:comb_3|estadoAtual.pausado ; yes                    ;
; conversor:comb_5|num0[2]                            ; fsm:comb_3|estadoAtual.pausado ; yes                    ;
; conversor:comb_5|num0[3]                            ; fsm:comb_3|estadoAtual.pausado ; yes                    ;
; conversor:comb_5|num1[0]                            ; fsm:comb_3|estadoAtual.pausado ; yes                    ;
; conversor:comb_5|num1[1]                            ; fsm:comb_3|estadoAtual.pausado ; yes                    ;
; conversor:comb_5|num1[2]                            ; fsm:comb_3|estadoAtual.pausado ; yes                    ;
; conversor:comb_5|num1[3]                            ; fsm:comb_3|estadoAtual.pausado ; yes                    ;
; conversor:comb_5|num2[0]                            ; fsm:comb_3|estadoAtual.pausado ; yes                    ;
; conversor:comb_5|num2[1]                            ; fsm:comb_3|estadoAtual.pausado ; yes                    ;
; conversor:comb_5|num2[2]                            ; fsm:comb_3|estadoAtual.pausado ; yes                    ;
; conversor:comb_5|num2[3]                            ; fsm:comb_3|estadoAtual.pausado ; yes                    ;
; conversor:comb_5|num3[0]                            ; fsm:comb_3|estadoAtual.pausado ; yes                    ;
; conversor:comb_5|num3[1]                            ; fsm:comb_3|estadoAtual.pausado ; yes                    ;
; conversor:comb_5|num3[2]                            ; fsm:comb_3|estadoAtual.pausado ; yes                    ;
; conversor:comb_5|num3[3]                            ; fsm:comb_3|estadoAtual.pausado ; yes                    ;
; Number of user-specified and inferred latches = 16  ;                                ;                        ;
+-----------------------------------------------------+--------------------------------+------------------------+
Note: All latches listed above may not be present at the end of synthesis due to various synthesis optimizations.


+------------------------------------------------------------+
; Registers Removed During Synthesis                         ;
+---------------------------------------+--------------------+
; Register name                         ; Reason for Removal ;
+---------------------------------------+--------------------+
; fsm:comb_3|estadoAtual~2              ; Lost fanout        ;
; fsm:comb_3|estadoAtual~3              ; Lost fanout        ;
; Total Number of Removed Registers = 2 ;                    ;
+---------------------------------------+--------------------+


+------------------------------------------------------+
; General Register Statistics                          ;
+----------------------------------------------+-------+
; Statistic                                    ; Value ;
+----------------------------------------------+-------+
; Total registers                              ; 53    ;
; Number of registers using Synchronous Clear  ; 14    ;
; Number of registers using Synchronous Load   ; 0     ;
; Number of registers using Asynchronous Clear ; 0     ;
; Number of registers using Asynchronous Load  ; 0     ;
; Number of registers using Clock Enable       ; 45    ;
; Number of registers using Preset             ; 0     ;
+----------------------------------------------+-------+


+-----------------------------------------------------------------------------------------------------------------------------------------------------+
; Multiplexer Restructuring Statistics (Restructuring Performed)                                                                                      ;
+--------------------+-----------+---------------+----------------------+------------------------+------------+---------------------------------------+
; Multiplexer Inputs ; Bus Width ; Baseline Area ; Area if Restructured ; Saving if Restructured ; Registered ; Example Multiplexer Output            ;
+--------------------+-----------+---------------+----------------------+------------------------+------------+---------------------------------------+
; 3:1                ; 14 bits   ; 28 LEs        ; 28 LEs               ; 0 LEs                  ; Yes        ; |cronometro|contador:comb_4|number[3] ;
; 4:1                ; 31 bits   ; 62 LEs        ; 31 LEs               ; 31 LEs                 ; Yes        ; |cronometro|contador:comb_4|i[27]     ;
; 6:1                ; 4 bits    ; 16 LEs        ; 16 LEs               ; 0 LEs                  ; No         ; |cronometro|fsm:comb_3|Selector1      ;
+--------------------+-----------+---------------+----------------------+------------------------+------------+---------------------------------------+


+---------------------------------------------------------+
; Parameter Settings for User Entity Instance: fsm:comb_3 ;
+----------------+---------+------------------------------+
; Parameter Name ; Value   ; Type                         ;
+----------------+---------+------------------------------+
; decsegundo     ; 5000000 ; Signed Integer               ;
; reset          ; 0       ; Signed Integer               ;
; contando       ; 1       ; Signed Integer               ;
; pausado        ; 2       ; Signed Integer               ;
; parado         ; 3       ; Signed Integer               ;
+----------------+---------+------------------------------+
Note: In order to hide this table in the UI and the text report file, please set the "Show Parameter Settings Tables in Synthesis Report" option in "Analysis and Synthesis Settings -> More Settings" to "Off".


+--------------------------------------------------------------+
; Parameter Settings for User Entity Instance: contador:comb_4 ;
+----------------+---------+-----------------------------------+
; Parameter Name ; Value   ; Type                              ;
+----------------+---------+-----------------------------------+
; decsegundo     ; 5000000 ; Signed Integer                    ;
+----------------+---------+-----------------------------------+
Note: In order to hide this table in the UI and the text report file, please set the "Show Parameter Settings Tables in Synthesis Report" option in "Analysis and Synthesis Settings -> More Settings" to "Off".


+-----------------------------------------------------------------------------------+
; Parameter Settings for Inferred Entity Instance: conversor:comb_5|lpm_divide:Mod0 ;
+------------------------+----------------+-----------------------------------------+
; Parameter Name         ; Value          ; Type                                    ;
+------------------------+----------------+-----------------------------------------+
; LPM_WIDTHN             ; 14             ; Untyped                                 ;
; LPM_WIDTHD             ; 4              ; Untyped                                 ;
; LPM_NREPRESENTATION    ; UNSIGNED       ; Untyped                                 ;
; LPM_DREPRESENTATION    ; UNSIGNED       ; Untyped                                 ;
; LPM_PIPELINE           ; 0              ; Untyped                                 ;
; LPM_REMAINDERPOSITIVE  ; TRUE           ; Untyped                                 ;
; MAXIMIZE_SPEED         ; 5              ; Untyped                                 ;
; CBXI_PARAMETER         ; lpm_divide_3bm ; Untyped                                 ;
; CARRY_CHAIN            ; MANUAL         ; Untyped                                 ;
; OPTIMIZE_FOR_SPEED     ; 5              ; Untyped                                 ;
; AUTO_CARRY_CHAINS      ; ON             ; AUTO_CARRY                              ;
; IGNORE_CARRY_BUFFERS   ; OFF            ; IGNORE_CARRY                            ;
; AUTO_CASCADE_CHAINS    ; ON             ; AUTO_CASCADE                            ;
; IGNORE_CASCADE_BUFFERS ; OFF            ; IGNORE_CASCADE                          ;
+------------------------+----------------+-----------------------------------------+
Note: In order to hide this table in the UI and the text report file, please set the "Show Parameter Settings Tables in Synthesis Report" option in "Analysis and Synthesis Settings -> More Settings" to "Off".


+-----------------------------------------------------------------------------------+
; Parameter Settings for Inferred Entity Instance: conversor:comb_5|lpm_divide:Div0 ;
+------------------------+----------------+-----------------------------------------+
; Parameter Name         ; Value          ; Type                                    ;
+------------------------+----------------+-----------------------------------------+
; LPM_WIDTHN             ; 14             ; Untyped                                 ;
; LPM_WIDTHD             ; 4              ; Untyped                                 ;
; LPM_NREPRESENTATION    ; UNSIGNED       ; Untyped                                 ;
; LPM_DREPRESENTATION    ; UNSIGNED       ; Untyped                                 ;
; LPM_PIPELINE           ; 0              ; Untyped                                 ;
; LPM_REMAINDERPOSITIVE  ; TRUE           ; Untyped                                 ;
; MAXIMIZE_SPEED         ; 5              ; Untyped                                 ;
; CBXI_PARAMETER         ; lpm_divide_0jm ; Untyped                                 ;
; CARRY_CHAIN            ; MANUAL         ; Untyped                                 ;
; OPTIMIZE_FOR_SPEED     ; 5              ; Untyped                                 ;
; AUTO_CARRY_CHAINS      ; ON             ; AUTO_CARRY                              ;
; IGNORE_CARRY_BUFFERS   ; OFF            ; IGNORE_CARRY                            ;
; AUTO_CASCADE_CHAINS    ; ON             ; AUTO_CASCADE                            ;
; IGNORE_CASCADE_BUFFERS ; OFF            ; IGNORE_CASCADE                          ;
+------------------------+----------------+-----------------------------------------+
Note: In order to hide this table in the UI and the text report file, please set the "Show Parameter Settings Tables in Synthesis Report" option in "Analysis and Synthesis Settings -> More Settings" to "Off".


+-----------------------------------------------------------------------------------+
; Parameter Settings for Inferred Entity Instance: conversor:comb_5|lpm_divide:Mod1 ;
+------------------------+----------------+-----------------------------------------+
; Parameter Name         ; Value          ; Type                                    ;
+------------------------+----------------+-----------------------------------------+
; LPM_WIDTHN             ; 14             ; Untyped                                 ;
; LPM_WIDTHD             ; 4              ; Untyped                                 ;
; LPM_NREPRESENTATION    ; UNSIGNED       ; Untyped                                 ;
; LPM_DREPRESENTATION    ; UNSIGNED       ; Untyped                                 ;
; LPM_PIPELINE           ; 0              ; Untyped                                 ;
; LPM_REMAINDERPOSITIVE  ; TRUE           ; Untyped                                 ;
; MAXIMIZE_SPEED         ; 5              ; Untyped                                 ;
; CBXI_PARAMETER         ; lpm_divide_3bm ; Untyped                                 ;
; CARRY_CHAIN            ; MANUAL         ; Untyped                                 ;
; OPTIMIZE_FOR_SPEED     ; 5              ; Untyped                                 ;
; AUTO_CARRY_CHAINS      ; ON             ; AUTO_CARRY                              ;
; IGNORE_CARRY_BUFFERS   ; OFF            ; IGNORE_CARRY                            ;
; AUTO_CASCADE_CHAINS    ; ON             ; AUTO_CASCADE                            ;
; IGNORE_CASCADE_BUFFERS ; OFF            ; IGNORE_CASCADE                          ;
+------------------------+----------------+-----------------------------------------+
Note: In order to hide this table in the UI and the text report file, please set the "Show Parameter Settings Tables in Synthesis Report" option in "Analysis and Synthesis Settings -> More Settings" to "Off".


+-----------------------------------------------------------------------------------+
; Parameter Settings for Inferred Entity Instance: conversor:comb_5|lpm_divide:Div1 ;
+------------------------+----------------+-----------------------------------------+
; Parameter Name         ; Value          ; Type                                    ;
+------------------------+----------------+-----------------------------------------+
; LPM_WIDTHN             ; 14             ; Untyped                                 ;
; LPM_WIDTHD             ; 7              ; Untyped                                 ;
; LPM_NREPRESENTATION    ; UNSIGNED       ; Untyped                                 ;
; LPM_DREPRESENTATION    ; UNSIGNED       ; Untyped                                 ;
; LPM_PIPELINE           ; 0              ; Untyped                                 ;
; LPM_REMAINDERPOSITIVE  ; TRUE           ; Untyped                                 ;
; MAXIMIZE_SPEED         ; 5              ; Untyped                                 ;
; CBXI_PARAMETER         ; lpm_divide_3jm ; Untyped                                 ;
; CARRY_CHAIN            ; MANUAL         ; Untyped                                 ;
; OPTIMIZE_FOR_SPEED     ; 5              ; Untyped                                 ;
; AUTO_CARRY_CHAINS      ; ON             ; AUTO_CARRY                              ;
; IGNORE_CARRY_BUFFERS   ; OFF            ; IGNORE_CARRY                            ;
; AUTO_CASCADE_CHAINS    ; ON             ; AUTO_CASCADE                            ;
; IGNORE_CASCADE_BUFFERS ; OFF            ; IGNORE_CASCADE                          ;
+------------------------+----------------+-----------------------------------------+
Note: In order to hide this table in the UI and the text report file, please set the "Show Parameter Settings Tables in Synthesis Report" option in "Analysis and Synthesis Settings -> More Settings" to "Off".


+-----------------------------------------------------------------------------------+
; Parameter Settings for Inferred Entity Instance: conversor:comb_5|lpm_divide:Mod2 ;
+------------------------+----------------+-----------------------------------------+
; Parameter Name         ; Value          ; Type                                    ;
+------------------------+----------------+-----------------------------------------+
; LPM_WIDTHN             ; 14             ; Untyped                                 ;
; LPM_WIDTHD             ; 4              ; Untyped                                 ;
; LPM_NREPRESENTATION    ; UNSIGNED       ; Untyped                                 ;
; LPM_DREPRESENTATION    ; UNSIGNED       ; Untyped                                 ;
; LPM_PIPELINE           ; 0              ; Untyped                                 ;
; LPM_REMAINDERPOSITIVE  ; TRUE           ; Untyped                                 ;
; MAXIMIZE_SPEED         ; 5              ; Untyped                                 ;
; CBXI_PARAMETER         ; lpm_divide_3bm ; Untyped                                 ;
; CARRY_CHAIN            ; MANUAL         ; Untyped                                 ;
; OPTIMIZE_FOR_SPEED     ; 5              ; Untyped                                 ;
; AUTO_CARRY_CHAINS      ; ON             ; AUTO_CARRY                              ;
; IGNORE_CARRY_BUFFERS   ; OFF            ; IGNORE_CARRY                            ;
; AUTO_CASCADE_CHAINS    ; ON             ; AUTO_CASCADE                            ;
; IGNORE_CASCADE_BUFFERS ; OFF            ; IGNORE_CASCADE                          ;
+------------------------+----------------+-----------------------------------------+
Note: In order to hide this table in the UI and the text report file, please set the "Show Parameter Settings Tables in Synthesis Report" option in "Analysis and Synthesis Settings -> More Settings" to "Off".


+-----------------------------------------------------------------------------------+
; Parameter Settings for Inferred Entity Instance: conversor:comb_5|lpm_divide:Div2 ;
+------------------------+----------------+-----------------------------------------+
; Parameter Name         ; Value          ; Type                                    ;
+------------------------+----------------+-----------------------------------------+
; LPM_WIDTHN             ; 14             ; Untyped                                 ;
; LPM_WIDTHD             ; 10             ; Untyped                                 ;
; LPM_NREPRESENTATION    ; UNSIGNED       ; Untyped                                 ;
; LPM_DREPRESENTATION    ; UNSIGNED       ; Untyped                                 ;
; LPM_PIPELINE           ; 0              ; Untyped                                 ;
; LPM_REMAINDERPOSITIVE  ; TRUE           ; Untyped                                 ;
; MAXIMIZE_SPEED         ; 5              ; Untyped                                 ;
; CBXI_PARAMETER         ; lpm_divide_dkm ; Untyped                                 ;
; CARRY_CHAIN            ; MANUAL         ; Untyped                                 ;
; OPTIMIZE_FOR_SPEED     ; 5              ; Untyped                                 ;
; AUTO_CARRY_CHAINS      ; ON             ; AUTO_CARRY                              ;
; IGNORE_CARRY_BUFFERS   ; OFF            ; IGNORE_CARRY                            ;
; AUTO_CASCADE_CHAINS    ; ON             ; AUTO_CASCADE                            ;
; IGNORE_CASCADE_BUFFERS ; OFF            ; IGNORE_CASCADE                          ;
+------------------------+----------------+-----------------------------------------+
Note: In order to hide this table in the UI and the text report file, please set the "Show Parameter Settings Tables in Synthesis Report" option in "Analysis and Synthesis Settings -> More Settings" to "Off".


+-----------------------------------------------------------------------------------+
; Parameter Settings for Inferred Entity Instance: conversor:comb_5|lpm_divide:Mod3 ;
+------------------------+----------------+-----------------------------------------+
; Parameter Name         ; Value          ; Type                                    ;
+------------------------+----------------+-----------------------------------------+
; LPM_WIDTHN             ; 14             ; Untyped                                 ;
; LPM_WIDTHD             ; 4              ; Untyped                                 ;
; LPM_NREPRESENTATION    ; UNSIGNED       ; Untyped                                 ;
; LPM_DREPRESENTATION    ; UNSIGNED       ; Untyped                                 ;
; LPM_PIPELINE           ; 0              ; Untyped                                 ;
; LPM_REMAINDERPOSITIVE  ; TRUE           ; Untyped                                 ;
; MAXIMIZE_SPEED         ; 5              ; Untyped                                 ;
; CBXI_PARAMETER         ; lpm_divide_3bm ; Untyped                                 ;
; CARRY_CHAIN            ; MANUAL         ; Untyped                                 ;
; OPTIMIZE_FOR_SPEED     ; 5              ; Untyped                                 ;
; AUTO_CARRY_CHAINS      ; ON             ; AUTO_CARRY                              ;
; IGNORE_CARRY_BUFFERS   ; OFF            ; IGNORE_CARRY                            ;
; AUTO_CASCADE_CHAINS    ; ON             ; AUTO_CASCADE                            ;
; IGNORE_CASCADE_BUFFERS ; OFF            ; IGNORE_CASCADE                          ;
+------------------------+----------------+-----------------------------------------+
Note: In order to hide this table in the UI and the text report file, please set the "Show Parameter Settings Tables in Synthesis Report" option in "Analysis and Synthesis Settings -> More Settings" to "Off".


+--------------------------------------------------------------------------------------------------------------------------------------------------------------------------------------------------------------+
; Port Connectivity Checks: "decodificador:comb_9"                                                                                                                                                             ;
+--------+-------+----------+----------------------------------------------------------------------------------------------------------------------------------------------------------------------------------+
; Port   ; Type  ; Severity ; Details                                                                                                                                                                          ;
+--------+-------+----------+----------------------------------------------------------------------------------------------------------------------------------------------------------------------------------+
; number ; Input ; Warning  ; Input port expression (7 bits) is wider than the input port (4 bits) it drives.  The 3 most-significant bit(s) in the expression will be dangling if they have no other fanouts. ;
+--------+-------+----------+----------------------------------------------------------------------------------------------------------------------------------------------------------------------------------+


+--------------------------------------------------------------------------------------------------------------------------------------------------------------------------------------------------------------+
; Port Connectivity Checks: "decodificador:comb_8"                                                                                                                                                             ;
+--------+-------+----------+----------------------------------------------------------------------------------------------------------------------------------------------------------------------------------+
; Port   ; Type  ; Severity ; Details                                                                                                                                                                          ;
+--------+-------+----------+----------------------------------------------------------------------------------------------------------------------------------------------------------------------------------+
; number ; Input ; Warning  ; Input port expression (7 bits) is wider than the input port (4 bits) it drives.  The 3 most-significant bit(s) in the expression will be dangling if they have no other fanouts. ;
+--------+-------+----------+----------------------------------------------------------------------------------------------------------------------------------------------------------------------------------+


+--------------------------------------------------------------------------------------------------------------------------------------------------------------------------------------------------------------+
; Port Connectivity Checks: "decodificador:comb_7"                                                                                                                                                             ;
+--------+-------+----------+----------------------------------------------------------------------------------------------------------------------------------------------------------------------------------+
; Port   ; Type  ; Severity ; Details                                                                                                                                                                          ;
+--------+-------+----------+----------------------------------------------------------------------------------------------------------------------------------------------------------------------------------+
; number ; Input ; Warning  ; Input port expression (7 bits) is wider than the input port (4 bits) it drives.  The 3 most-significant bit(s) in the expression will be dangling if they have no other fanouts. ;
+--------+-------+----------+----------------------------------------------------------------------------------------------------------------------------------------------------------------------------------+


+--------------------------------------------------------------------------------------------------------------------------------------------------------------------------------------------------------------+
; Port Connectivity Checks: "decodificador:comb_6"                                                                                                                                                             ;
+--------+-------+----------+----------------------------------------------------------------------------------------------------------------------------------------------------------------------------------+
; Port   ; Type  ; Severity ; Details                                                                                                                                                                          ;
+--------+-------+----------+----------------------------------------------------------------------------------------------------------------------------------------------------------------------------------+
; number ; Input ; Warning  ; Input port expression (7 bits) is wider than the input port (4 bits) it drives.  The 3 most-significant bit(s) in the expression will be dangling if they have no other fanouts. ;
+--------+-------+----------+----------------------------------------------------------------------------------------------------------------------------------------------------------------------------------+


+--------------------------------------------------------------------------------------------------------------------------------------------------------------------------------------------------+
; Port Connectivity Checks: "conversor:comb_5"                                                                                                                                                     ;
+------+--------+----------+-----------------------------------------------------------------------------------------------------------------------------------------------------------------------+
; Port ; Type   ; Severity ; Details                                                                                                                                                               ;
+------+--------+----------+-----------------------------------------------------------------------------------------------------------------------------------------------------------------------+
; num0 ; Output ; Warning  ; Output or bidir port (4 bits) is smaller than the port expression (7 bits) it drives.  The 3 most-significant bit(s) in the port expression will be connected to GND. ;
; num1 ; Output ; Warning  ; Output or bidir port (4 bits) is smaller than the port expression (7 bits) it drives.  The 3 most-significant bit(s) in the port expression will be connected to GND. ;
; num2 ; Output ; Warning  ; Output or bidir port (4 bits) is smaller than the port expression (7 bits) it drives.  The 3 most-significant bit(s) in the port expression will be connected to GND. ;
; num3 ; Output ; Warning  ; Output or bidir port (4 bits) is smaller than the port expression (7 bits) it drives.  The 3 most-significant bit(s) in the port expression will be connected to GND. ;
+------+--------+----------+-----------------------------------------------------------------------------------------------------------------------------------------------------------------------+


+-------------------------------+
; Analysis & Synthesis Messages ;
+-------------------------------+
Info: *******************************************************************
Info: Running Quartus II Analysis & Synthesis
    Info: Version 9.1 Build 350 03/24/2010 Service Pack 2 SJ Web Edition
    Info: Processing started: Mon Apr 25 10:25:32 2022
Info: Command: quartus_map --read_settings_files=on --write_settings_files=off projetoVersaoNova -c projetoVersaoNova
Info: Found 1 design units, including 1 entities, in source file conversor.v
    Info: Found entity 1: conversor
Info: Found 1 design units, including 1 entities, in source file decodificador.v
    Info: Found entity 1: decodificador
Info: Found 1 design units, including 1 entities, in source file fsm.v
    Info: Found entity 1: fsm
Info: Found 1 design units, including 1 entities, in source file contador.v
    Info: Found entity 1: contador
Info: Found 1 design units, including 1 entities, in source file cronometro.v
    Info: Found entity 1: cronometro
Critical Warning (10846): Verilog HDL Instantiation warning at cronometro.v(16): instance has no name
Critical Warning (10846): Verilog HDL Instantiation warning at cronometro.v(18): instance has no name
Critical Warning (10846): Verilog HDL Instantiation warning at cronometro.v(20): instance has no name
Critical Warning (10846): Verilog HDL Instantiation warning at cronometro.v(22): instance has no name
Critical Warning (10846): Verilog HDL Instantiation warning at cronometro.v(23): instance has no name
Critical Warning (10846): Verilog HDL Instantiation warning at cronometro.v(24): instance has no name
Critical Warning (10846): Verilog HDL Instantiation warning at cronometro.v(25): instance has no name
Info: Elaborating entity "cronometro" for the top level hierarchy
Info: Elaborating entity "fsm" for hierarchy "fsm:comb_3"
Info: Elaborating entity "contador" for hierarchy "contador:comb_4"
Warning (10230): Verilog HDL assignment warning at contador.v(16): truncated value with size 32 to match size of target (14)
Warning (10230): Verilog HDL assignment warning at contador.v(20): truncated value with size 32 to match size of target (31)
Info: Elaborating entity "conversor" for hierarchy "conversor:comb_5"
Warning (10235): Verilog HDL Always Construct warning at conversor.v(9): variable "pausaDis" is read inside the Always Construct but isn't in the Always Construct's Event Control
Warning (10230): Verilog HDL assignment warning at conversor.v(10): truncated value with size 32 to match size of target (4)
Warning (10230): Verilog HDL assignment warning at conversor.v(11): truncated value with size 32 to match size of target (4)
Warning (10230): Verilog HDL assignment warning at conversor.v(12): truncated value with size 32 to match size of target (4)
Warning (10230): Verilog HDL assignment warning at conversor.v(13): truncated value with size 32 to match size of target (4)
Warning (10240): Verilog HDL Always Construct warning at conversor.v(8): inferring latch(es) for variable "num0", which holds its previous value in one or more paths through the always construct
Warning (10240): Verilog HDL Always Construct warning at conversor.v(8): inferring latch(es) for variable "num1", which holds its previous value in one or more paths through the always construct
Warning (10240): Verilog HDL Always Construct warning at conversor.v(8): inferring latch(es) for variable "num2", which holds its previous value in one or more paths through the always construct
Warning (10240): Verilog HDL Always Construct warning at conversor.v(8): inferring latch(es) for variable "num3", which holds its previous value in one or more paths through the always construct
Info (10041): Inferred latch for "num3[0]" at conversor.v(8)
Info (10041): Inferred latch for "num3[1]" at conversor.v(8)
Info (10041): Inferred latch for "num3[2]" at conversor.v(8)
Info (10041): Inferred latch for "num3[3]" at conversor.v(8)
Info (10041): Inferred latch for "num2[0]" at conversor.v(8)
Info (10041): Inferred latch for "num2[1]" at conversor.v(8)
Info (10041): Inferred latch for "num2[2]" at conversor.v(8)
Info (10041): Inferred latch for "num2[3]" at conversor.v(8)
Info (10041): Inferred latch for "num1[0]" at conversor.v(8)
Info (10041): Inferred latch for "num1[1]" at conversor.v(8)
Info (10041): Inferred latch for "num1[2]" at conversor.v(8)
Info (10041): Inferred latch for "num1[3]" at conversor.v(8)
Info (10041): Inferred latch for "num0[0]" at conversor.v(8)
Info (10041): Inferred latch for "num0[1]" at conversor.v(8)
Info (10041): Inferred latch for "num0[2]" at conversor.v(8)
Info (10041): Inferred latch for "num0[3]" at conversor.v(8)
Info: Elaborating entity "decodificador" for hierarchy "decodificador:comb_6"
Warning: Net is missing source, defaulting to GND
    Warning (12110): Net "sinalNumDis0[0]" is missing source, defaulting to GND
    Warning (12110): Net "sinalNumDis0[1]" is missing source, defaulting to GND
    Warning (12110): Net "sinalNumDis0[2]" is missing source, defaulting to GND
    Warning (12110): Net "sinalNumDis1[0]" is missing source, defaulting to GND
    Warning (12110): Net "sinalNumDis1[1]" is missing source, defaulting to GND
    Warning (12110): Net "sinalNumDis1[2]" is missing source, defaulting to GND
    Warning (12110): Net "sinalNumDis2[0]" is missing source, defaulting to GND
    Warning (12110): Net "sinalNumDis2[1]" is missing source, defaulting to GND
    Warning (12110): Net "sinalNumDis2[2]" is missing source, defaulting to GND
    Warning (12110): Net "sinalNumDis3[0]" is missing source, defaulting to GND
    Warning (12110): Net "sinalNumDis3[1]" is missing source, defaulting to GND
    Warning (12110): Net "sinalNumDis3[2]" is missing source, defaulting to GND
Warning: Net is missing source, defaulting to GND
    Warning (12110): Net "sinalNumDis0[0]" is missing source, defaulting to GND
    Warning (12110): Net "sinalNumDis0[1]" is missing source, defaulting to GND
    Warning (12110): Net "sinalNumDis0[2]" is missing source, defaulting to GND
    Warning (12110): Net "sinalNumDis1[0]" is missing source, defaulting to GND
    Warning (12110): Net "sinalNumDis1[1]" is missing source, defaulting to GND
    Warning (12110): Net "sinalNumDis1[2]" is missing source, defaulting to GND
    Warning (12110): Net "sinalNumDis2[0]" is missing source, defaulting to GND
    Warning (12110): Net "sinalNumDis2[1]" is missing source, defaulting to GND
    Warning (12110): Net "sinalNumDis2[2]" is missing source, defaulting to GND
    Warning (12110): Net "sinalNumDis3[0]" is missing source, defaulting to GND
    Warning (12110): Net "sinalNumDis3[1]" is missing source, defaulting to GND
    Warning (12110): Net "sinalNumDis3[2]" is missing source, defaulting to GND
Warning: Net is missing source, defaulting to GND
    Warning (12110): Net "sinalNumDis0[0]" is missing source, defaulting to GND
    Warning (12110): Net "sinalNumDis0[1]" is missing source, defaulting to GND
    Warning (12110): Net "sinalNumDis0[2]" is missing source, defaulting to GND
    Warning (12110): Net "sinalNumDis1[0]" is missing source, defaulting to GND
    Warning (12110): Net "sinalNumDis1[1]" is missing source, defaulting to GND
    Warning (12110): Net "sinalNumDis1[2]" is missing source, defaulting to GND
    Warning (12110): Net "sinalNumDis2[0]" is missing source, defaulting to GND
    Warning (12110): Net "sinalNumDis2[1]" is missing source, defaulting to GND
    Warning (12110): Net "sinalNumDis2[2]" is missing source, defaulting to GND
    Warning (12110): Net "sinalNumDis3[0]" is missing source, defaulting to GND
    Warning (12110): Net "sinalNumDis3[1]" is missing source, defaulting to GND
    Warning (12110): Net "sinalNumDis3[2]" is missing source, defaulting to GND
Info: Inferred 7 megafunctions from design logic
    Info: Inferred divider/modulo megafunction ("lpm_divide") from the following logic: "conversor:comb_5|Mod0"
    Info: Inferred divider/modulo megafunction ("lpm_divide") from the following logic: "conversor:comb_5|Div0"
    Info: Inferred divider/modulo megafunction ("lpm_divide") from the following logic: "conversor:comb_5|Mod1"
    Info: Inferred divider/modulo megafunction ("lpm_divide") from the following logic: "conversor:comb_5|Div1"
    Info: Inferred divider/modulo megafunction ("lpm_divide") from the following logic: "conversor:comb_5|Mod2"
    Info: Inferred divider/modulo megafunction ("lpm_divide") from the following logic: "conversor:comb_5|Div2"
    Info: Inferred divider/modulo megafunction ("lpm_divide") from the following logic: "conversor:comb_5|Mod3"
Info: Elaborated megafunction instantiation "conversor:comb_5|lpm_divide:Mod0"
Info: Instantiated megafunction "conversor:comb_5|lpm_divide:Mod0" with the following parameter:
    Info: Parameter "LPM_WIDTHN" = "14"
    Info: Parameter "LPM_WIDTHD" = "4"
    Info: Parameter "LPM_NREPRESENTATION" = "UNSIGNED"
    Info: Parameter "LPM_DREPRESENTATION" = "UNSIGNED"
Info: Found 1 design units, including 1 entities, in source file db/lpm_divide_3bm.tdf
    Info: Found entity 1: lpm_divide_3bm
Info: Found 1 design units, including 1 entities, in source file db/sign_div_unsign_olh.tdf
    Info: Found entity 1: sign_div_unsign_olh
Info: Found 1 design units, including 1 entities, in source file db/alt_u_div_47f.tdf
    Info: Found entity 1: alt_u_div_47f
Info: Found 1 design units, including 1 entities, in source file db/add_sub_7pc.tdf
    Info: Found entity 1: add_sub_7pc
Info: Found 1 design units, including 1 entities, in source file db/add_sub_8pc.tdf
    Info: Found entity 1: add_sub_8pc
Info: Elaborated megafunction instantiation "conversor:comb_5|lpm_divide:Div0"
Info: Instantiated megafunction "conversor:comb_5|lpm_divide:Div0" with the following parameter:
    Info: Parameter "LPM_WIDTHN" = "14"
    Info: Parameter "LPM_WIDTHD" = "4"
    Info: Parameter "LPM_NREPRESENTATION" = "UNSIGNED"
    Info: Parameter "LPM_DREPRESENTATION" = "UNSIGNED"
Info: Found 1 design units, including 1 entities, in source file db/lpm_divide_0jm.tdf
    Info: Found entity 1: lpm_divide_0jm
Info: Elaborated megafunction instantiation "conversor:comb_5|lpm_divide:Div1"
Info: Instantiated megafunction "conversor:comb_5|lpm_divide:Div1" with the following parameter:
    Info: Parameter "LPM_WIDTHN" = "14"
    Info: Parameter "LPM_WIDTHD" = "7"
    Info: Parameter "LPM_NREPRESENTATION" = "UNSIGNED"
    Info: Parameter "LPM_DREPRESENTATION" = "UNSIGNED"
Info: Found 1 design units, including 1 entities, in source file db/lpm_divide_3jm.tdf
    Info: Found entity 1: lpm_divide_3jm
Info: Found 1 design units, including 1 entities, in source file db/sign_div_unsign_rlh.tdf
    Info: Found entity 1: sign_div_unsign_rlh
Info: Found 1 design units, including 1 entities, in source file db/alt_u_div_a7f.tdf
    Info: Found entity 1: alt_u_div_a7f
Info: Elaborated megafunction instantiation "conversor:comb_5|lpm_divide:Div2"
Info: Instantiated megafunction "conversor:comb_5|lpm_divide:Div2" with the following parameter:
    Info: Parameter "LPM_WIDTHN" = "14"
    Info: Parameter "LPM_WIDTHD" = "10"
    Info: Parameter "LPM_NREPRESENTATION" = "UNSIGNED"
    Info: Parameter "LPM_DREPRESENTATION" = "UNSIGNED"
Info: Found 1 design units, including 1 entities, in source file db/lpm_divide_dkm.tdf
    Info: Found entity 1: lpm_divide_dkm
Info: Found 1 design units, including 1 entities, in source file db/sign_div_unsign_5nh.tdf
    Info: Found entity 1: sign_div_unsign_5nh
Info: Found 1 design units, including 1 entities, in source file db/alt_u_div_u9f.tdf
    Info: Found entity 1: alt_u_div_u9f
Warning: 5 hierarchies have connectivity warnings - see the Connectivity Checks report folder
Info: Timing-Driven Synthesis is running
Info: 2 registers lost all their fanouts during netlist optimizations. The first 2 are displayed below.
    Info: Register "fsm:comb_3|estadoAtual~2" lost all its fanouts during netlist optimizations.
    Info: Register "fsm:comb_3|estadoAtual~3" lost all its fanouts during netlist optimizations.
Info: Found the following redundant logic cells in design
    Info (17048): Logic cell "conversor:comb_5|lpm_divide:Mod2|lpm_divide_3bm:auto_generated|sign_div_unsign_olh:divider|alt_u_div_47f:divider|add_sub_13_result_int[0]~0"
    Info (17048): Logic cell "conversor:comb_5|lpm_divide:Mod2|lpm_divide_3bm:auto_generated|sign_div_unsign_olh:divider|alt_u_div_47f:divider|add_sub_9_result_int[0]~10"
    Info (17048): Logic cell "conversor:comb_5|lpm_divide:Mod2|lpm_divide_3bm:auto_generated|sign_div_unsign_olh:divider|alt_u_div_47f:divider|add_sub_10_result_int[0]~10"
    Info (17048): Logic cell "conversor:comb_5|lpm_divide:Mod2|lpm_divide_3bm:auto_generated|sign_div_unsign_olh:divider|alt_u_div_47f:divider|add_sub_11_result_int[0]~10"
    Info (17048): Logic cell "conversor:comb_5|lpm_divide:Mod2|lpm_divide_3bm:auto_generated|sign_div_unsign_olh:divider|alt_u_div_47f:divider|add_sub_12_result_int[0]~10"
    Info (17048): Logic cell "conversor:comb_5|lpm_divide:Mod3|lpm_divide_3bm:auto_generated|sign_div_unsign_olh:divider|alt_u_div_47f:divider|add_sub_13_result_int[0]~0"
    Info (17048): Logic cell "conversor:comb_5|lpm_divide:Mod3|lpm_divide_3bm:auto_generated|sign_div_unsign_olh:divider|alt_u_div_47f:divider|add_sub_12_result_int[0]~10"
Warning: Ignored assignments for entity "projetoVersaoNova" -- entity does not exist in design
    Warning: Assignment for entity set_global_assignment -name LL_ROOT_REGION ON -entity projetoVersaoNova -section_id "Root Region" was ignored
    Warning: Assignment for entity set_global_assignment -name LL_MEMBER_STATE LOCKED -entity projetoVersaoNova -section_id "Root Region" was ignored
Info: Implemented 932 device resources after synthesis - the final resource count might be different
    Info: Implemented 5 input pins
    Info: Implemented 32 output pins
    Info: Implemented 895 logic cells
Info: Quartus II Analysis & Synthesis was successful. 0 errors, 61 warnings
    Info: Peak virtual memory: 238 megabytes
    Info: Processing ended: Mon Apr 25 10:25:34 2022
    Info: Elapsed time: 00:00:02
    Info: Total CPU time (on all processors): 00:00:02


