Flow report for Projeto_1
Fri Apr 01 16:40:29 2022
Quartus II Version 9.1 Build 350 03/24/2010 Service Pack 2 SJ Web Edition


---------------------
; Table of Contents ;
---------------------
  1. Legal Notice
  2. Flow Summary
  3. Flow Settings
  4. Flow Non-Default Global Settings
  5. Flow Elapsed Time
  6. Flow OS Summary
  7. Flow Log



----------------
; Legal Notice ;
----------------
Copyright (C) 1991-2010 Altera Corporation
Your use of Altera Corporation's design tools, logic functions 
and other software and tools, and its AMPP partner logic 
functions, and any output files from any of the foregoing 
(including device programming or simulation files), and any 
associated documentation or information are expressly subject 
to the terms and conditions of the Altera Program License 
Subscription Agreement, Altera MegaCore Function License 
Agreement, or other applicable license agreement, including, 
without limitation, that your use is for the sole purpose of 
programming logic devices manufactured by Altera and sold by 
Altera or its authorized distributors.  Please refer to the 
applicable agreement for further details.



+-----------------------------------------------------------------------------------+
; Flow Summary                                                                      ;
+------------------------------------+----------------------------------------------+
; Flow Status                        ; Successful - Fri Apr 01 16:40:29 2022        ;
; Quartus II Version                 ; 9.1 Build 350 03/24/2010 SP 2 SJ Web Edition ;
; Revision Name                      ; Projeto_1                                    ;
; Top-level Entity Name              ; Geral                                        ;
; Family                             ; Cyclone IV E                                 ;
; Device                             ; EP4CE115F29C7                                ;
; Timing Models                      ; Preliminary                                  ;
; Met timing requirements            ; N/A                                          ;
; Total logic elements               ; 58 / 114,480 ( < 1 % )                       ;
;     Total combinational functions  ; 58 / 114,480 ( < 1 % )                       ;
;     Dedicated logic registers      ; 0 / 114,480 ( 0 % )                          ;
; Total registers                    ; 0                                            ;
; Total pins                         ; 33 / 529 ( 6 % )                             ;
; Total virtual pins                 ; 0                                            ;
; Total memory bits                  ; 0 / 3,981,312 ( 0 % )                        ;
; Embedded Multiplier 9-bit elements ; 0 / 532 ( 0 % )                              ;
; Total PLLs                         ; 0 / 4 ( 0 % )                                ;
+------------------------------------+----------------------------------------------+


+-----------------------------------------+
; Flow Settings                           ;
+-------------------+---------------------+
; Option            ; Setting             ;
+-------------------+---------------------+
; Start date & time ; 04/01/2022 16:40:11 ;
; Main task         ; Compilation         ;
; Revision Name     ; Projeto_1           ;
+-------------------+---------------------+


+-----------------------------------------------------------------------------------------------------------------------------------+
; Flow Non-Default Global Settings                                                                                                  ;
+------------------------------------+-----------------------------------------------+---------------+-------------+----------------+
; Assignment Name                    ; Value                                         ; Default Value ; Entity Name ; Section Id     ;
+------------------------------------+-----------------------------------------------+---------------+-------------+----------------+
; COMPILER_SIGNATURE_ID              ; 154691454183542.164884201108684               ; --            ; --          ; --             ;
; MAX_CORE_JUNCTION_TEMP             ; 85                                            ; --            ; --          ; --             ;
; MIN_CORE_JUNCTION_TEMP             ; 0                                             ; --            ; --          ; --             ;
; MISC_FILE                          ; D:/Documents/EC/2°/SD/Projeto 1/Projeto_1.dpf ; --            ; --          ; --             ;
; NOMINAL_CORE_SUPPLY_VOLTAGE        ; 1.2V                                          ; --            ; --          ; --             ;
; PARTITION_COLOR                    ; 16764057                                      ; --            ; Geral       ; Top            ;
; PARTITION_NETLIST_TYPE             ; SOURCE                                        ; --            ; Geral       ; Top            ;
; TOP_LEVEL_ENTITY                   ; Geral                                         ; Projeto_1     ; --          ; --             ;
; USE_GENERATED_PHYSICAL_CONSTRAINTS ; Off                                           ; --            ; --          ; eda_blast_fpga ;
+------------------------------------+-----------------------------------------------+---------------+-------------+----------------+


+-------------------------------------------------------------------------------------------------------------------------------+
; Flow Elapsed Time                                                                                                             ;
+---------------------------+--------------+-------------------------+---------------------+------------------------------------+
; Module Name               ; Elapsed Time ; Average Processors Used ; Peak Virtual Memory ; Total CPU Time (on all processors) ;
+---------------------------+--------------+-------------------------+---------------------+------------------------------------+
; Analysis & Synthesis      ; 00:00:02     ; 1.0                     ; 227 MB              ; 00:00:02                           ;
; Fitter                    ; 00:00:10     ; 1.0                     ; 407 MB              ; 00:00:11                           ;
; Assembler                 ; 00:00:05     ; 1.0                     ; 449 MB              ; 00:00:04                           ;
; TimeQuest Timing Analyzer ; 00:00:02     ; 1.0                     ; 309 MB              ; 00:00:01                           ;
; Total                     ; 00:00:17     ; --                      ; --                  ; 00:00:17                           ;
+---------------------------+--------------+-------------------------+---------------------+------------------------------------+


+--------------------------------------------------------------------------------------------+
; Flow OS Summary                                                                            ;
+---------------------------+------------------+---------------+------------+----------------+
; Module Name               ; Machine Hostname ; OS Name       ; OS Version ; Processor type ;
+---------------------------+------------------+---------------+------------+----------------+
; Analysis & Synthesis      ; LAPTOP-O4CQO2RM  ; Windows Vista ; 6.2        ; x86_64         ;
; Fitter                    ; LAPTOP-O4CQO2RM  ; Windows Vista ; 6.2        ; x86_64         ;
; TimeQuest Timing Analyzer ; LAPTOP-O4CQO2RM  ; Windows Vista ; 6.2        ; x86_64         ;
; Assembler                 ; LAPTOP-O4CQO2RM  ; Windows Vista ; 6.2        ; x86_64         ;
+---------------------------+------------------+---------------+------------+----------------+


------------
; Flow Log ;
------------
quartus_map --read_settings_files=on --write_settings_files=off Projeto_1 -c Projeto_1
quartus_fit --read_settings_files=off --write_settings_files=off Projeto_1 -c Projeto_1
quartus_sta Projeto_1 -c Projeto_1
quartus_asm --read_settings_files=off --write_settings_files=off Projeto_1 -c Projeto_1



